<?xml version="1.0" encoding="UTF-8" ?>
<testsuite tests="8" failures="0" name="jgonzalezca.test.complexnumber.ComplexNumberTest" time="0.008" errors="0" skipped="0">
  <properties>
[...]
</properties>
  <testcase classname="jgonzalezca.test.complexnumber.ComplexNumberTest" name="realPartTest" time="0.008"/>
  <testcase classname="jgonzalezca.test.complexnumber.ComplexNumberTest" name="addTest" time="0"/>
  <testcase classname="jgonzalezca.test.complexnumber.ComplexNumberTest" name="module" time="0"/>
  <testcase classname="jgonzalezca.test.complexnumber.ComplexNumberTest" name="imaginaryPartTest" time="0"/>
  <testcase classname="jgonzalezca.test.complexnumber.ComplexNumberTest" name="division" time="0"/>
  <testcase classname="jgonzalezca.test.complexnumber.ComplexNumberTest" name="conjugateTest" time="0"/>
  <testcase classname="jgonzalezca.test.complexnumber.ComplexNumberTest" name="multiply" time="0"/>
  <testcase classname="jgonzalezca.test.complexnumber.ComplexNumberTest" name="subtractTest" time="0"/>
</testsuite>